mode: set
github.com/mapreduce/mapreduce/messages.go:39.57,42.13 3 1
github.com/mapreduce/mapreduce/messages.go:45.2,45.12 1 1
github.com/mapreduce/mapreduce/messages.go:42.13,44.3 1 0
github.com/mapreduce/mapreduce/messages.go:48.41,51.16 3 1
github.com/mapreduce/mapreduce/messages.go:54.2,54.29 1 1
github.com/mapreduce/mapreduce/messages.go:51.16,53.3 1 0
github.com/mapreduce/mapreduce/messages.go:57.59,59.16 2 1
github.com/mapreduce/mapreduce/messages.go:62.2,62.47 1 1
github.com/mapreduce/mapreduce/messages.go:59.16,61.3 1 0
github.com/mapreduce/mapreduce/messages.go:65.48,67.16 2 1
github.com/mapreduce/mapreduce/messages.go:67.16,69.3 1 0
github.com/mapreduce/mapreduce/messages.go:72.49,74.16 2 1
github.com/mapreduce/mapreduce/messages.go:74.16,76.3 1 0
github.com/mapreduce/mapreduce/messages.go:79.59,81.16 2 0
github.com/mapreduce/mapreduce/messages.go:81.16,83.3 1 0
github.com/mapreduce/mapreduce/files.go:19.41,21.16 2 1
github.com/mapreduce/mapreduce/files.go:24.2,24.13 1 1
github.com/mapreduce/mapreduce/files.go:21.16,23.3 1 0
github.com/mapreduce/mapreduce/files.go:27.36,28.89 1 1
github.com/mapreduce/mapreduce/files.go:35.2,35.16 1 1
github.com/mapreduce/mapreduce/files.go:28.89,29.20 1 1
github.com/mapreduce/mapreduce/files.go:32.3,32.13 1 1
github.com/mapreduce/mapreduce/files.go:29.20,31.4 1 1
github.com/mapreduce/mapreduce/files.go:35.16,37.3 1 0
github.com/mapreduce/mapreduce/files.go:40.39,41.29 1 1
github.com/mapreduce/mapreduce/files.go:45.2,47.13 3 1
github.com/mapreduce/mapreduce/files.go:41.29,43.3 1 1
github.com/mapreduce/mapreduce/files.go:50.40,54.2 3 1
github.com/mapreduce/mapreduce/files.go:56.32,58.2 1 1
github.com/mapreduce/mapreduce/names.go:5.61,9.2 3 0
github.com/mapreduce/mapreduce/nodes.go:9.38,14.2 1 0
github.com/mapreduce/mapreduce/nodes.go:16.41,19.2 2 0
github.com/mapreduce/mapreduce/nodes.go:21.37,25.2 3 0
github.com/mapreduce/mapreduce/server.go:45.39,60.2 12 0
github.com/mapreduce/mapreduce/server.go:62.24,64.16 2 0
github.com/mapreduce/mapreduce/server.go:64.16,66.3 1 0
github.com/mapreduce/mapreduce/server.go:69.32,71.16 2 1
github.com/mapreduce/mapreduce/server.go:75.2,77.27 3 1
github.com/mapreduce/mapreduce/server.go:71.16,73.3 1 0
github.com/mapreduce/mapreduce/server.go:80.39,82.6 2 1
github.com/mapreduce/mapreduce/server.go:82.6,84.17 2 1
github.com/mapreduce/mapreduce/server.go:87.3,89.25 2 1
github.com/mapreduce/mapreduce/server.go:92.3,93.24 2 1
github.com/mapreduce/mapreduce/server.go:84.17,86.4 1 0
github.com/mapreduce/mapreduce/server.go:89.25,91.4 1 0
github.com/mapreduce/mapreduce/server.go:97.47,102.24 4 1
github.com/mapreduce/mapreduce/server.go:102.24,106.21 4 1
github.com/mapreduce/mapreduce/server.go:106.21,108.4 1 1
github.com/mapreduce/mapreduce/server.go:108.9,110.4 1 1
github.com/mapreduce/mapreduce/server.go:115.33,118.36 3 0
github.com/mapreduce/mapreduce/server.go:124.2,125.30 2 0
github.com/mapreduce/mapreduce/server.go:118.36,123.3 4 0
github.com/mapreduce/mapreduce/server.go:128.69,133.2 4 0
github.com/mapreduce/mapreduce/server.go:135.69,137.16 2 0
github.com/mapreduce/mapreduce/server.go:140.2,142.11 3 0
github.com/mapreduce/mapreduce/server.go:137.16,139.3 1 0
github.com/mapreduce/mapreduce/server.go:145.35,145.36 0 0
github.com/mapreduce/mapreduce/server.go:147.29,150.2 2 0
github.com/mapreduce/mapreduce/utils.go:3.44,4.22 1 1
github.com/mapreduce/mapreduce/utils.go:9.2,9.14 1 0
github.com/mapreduce/mapreduce/utils.go:4.22,5.15 1 1
github.com/mapreduce/mapreduce/utils.go:5.15,7.4 1 1
github.com/mapreduce/mapreduce/args.go:3.51,5.33 2 1
github.com/mapreduce/mapreduce/args.go:21.2,21.44 1 1
github.com/mapreduce/mapreduce/args.go:5.33,9.23 2 1
github.com/mapreduce/mapreduce/args.go:12.3,12.24 1 1
github.com/mapreduce/mapreduce/args.go:15.3,15.23 1 1
github.com/mapreduce/mapreduce/args.go:9.23,11.4 1 1
github.com/mapreduce/mapreduce/args.go:12.24,14.4 1 1
github.com/mapreduce/mapreduce/args.go:15.23,17.4 1 1
github.com/mapreduce/mapreduce/config.go:11.66,15.2 3 1
github.com/mapreduce/mapreduce/config.go:17.49,19.21 2 1
github.com/mapreduce/mapreduce/config.go:30.2,30.38 1 1
github.com/mapreduce/mapreduce/config.go:19.21,22.37 3 1
github.com/mapreduce/mapreduce/config.go:26.3,27.40 2 1
github.com/mapreduce/mapreduce/config.go:22.37,24.4 1 0
github.com/mapreduce/mapreduce/config.go:30.38,32.3 1 0
github.com/mapreduce/mapreduce/config.go:35.68,37.21 1 1
github.com/mapreduce/mapreduce/config.go:37.21,39.3 1 1
github.com/mapreduce/mapreduce/config.go:39.8,39.29 1 1
github.com/mapreduce/mapreduce/config.go:39.29,41.3 1 1
github.com/mapreduce/mapreduce/config.go:41.8,41.33 1 1
github.com/mapreduce/mapreduce/config.go:41.33,43.3 1 1
github.com/mapreduce/mapreduce/config.go:43.8,43.34 1 1
github.com/mapreduce/mapreduce/config.go:43.34,45.3 1 1
github.com/mapreduce/mapreduce/config.go:45.8,45.32 1 1
github.com/mapreduce/mapreduce/config.go:45.32,47.3 1 1
github.com/mapreduce/mapreduce/config.go:47.8,47.39 1 1
github.com/mapreduce/mapreduce/config.go:47.39,49.3 1 1
github.com/mapreduce/mapreduce/config.go:49.8,49.33 1 1
github.com/mapreduce/mapreduce/config.go:49.33,51.3 1 1
github.com/mapreduce/mapreduce/config.go:54.33,56.16 2 1
github.com/mapreduce/mapreduce/config.go:59.2,59.12 1 1
github.com/mapreduce/mapreduce/config.go:56.16,58.3 1 0
github.com/mapreduce/mapreduce/env.go:14.23,16.16 2 0
github.com/mapreduce/mapreduce/env.go:19.2,19.13 1 0
github.com/mapreduce/mapreduce/env.go:16.16,18.3 1 0
github.com/mapreduce/mapreduce/env.go:22.22,24.16 2 0
github.com/mapreduce/mapreduce/env.go:27.2,27.13 1 0
github.com/mapreduce/mapreduce/env.go:24.16,26.3 1 0
github.com/mapreduce/mapreduce/worker.go:15.48,20.37 4 0
github.com/mapreduce/mapreduce/worker.go:24.2,24.30 1 0
github.com/mapreduce/mapreduce/worker.go:20.37,22.3 1 0
github.com/mapreduce/mapreduce/worker.go:27.49,29.16 2 0
github.com/mapreduce/mapreduce/worker.go:33.2,34.13 2 0
github.com/mapreduce/mapreduce/worker.go:29.16,31.3 1 0
github.com/mapreduce/mapreduce/worker.go:37.50,39.2 1 0
github.com/mapreduce/mapreduce/worker.go:41.53,44.2 2 0
github.com/mapreduce/mapreduce/worker.go:46.76,50.2 3 0
github.com/mapreduce/mapreduce/worker.go:52.49,54.2 1 0
github.com/mapreduce/mapreduce/worker.go:56.111,58.2 1 0
